e4
d5
xd5
Qxd5
Nc3
Qe5
Be2


successfully wrote to ./GameLogs/output.txt
Be2
move =
Be2
successfully wrote to ./GameLogs/output.txt
eval -1.7

   R      N      B             K      B      N      R


   P      P      P             P      P      P      P





                               Q





                 N


   P      P      P      P      B      P      P      P


   R             B      Q      K             N      R

King moving from (5, 1) to (7, 1)
thread 'main' panicked at 'trying to remove a piece that isn't there.', src\board.rs:222:13
stack backtrace:
   0: std::panicking::begin_panic<str>
             at C:\Users\15732\.rustup\toolchains\stable-x86_64-pc-windows-msvc\lib\rustlib\src\rust\library\std\src\panicking.rs:519
   1: chess_engine::board::Board::make_move_mut
             at .\src\board.rs:222
   2: chess_engine::board::Board::make_move
             at .\src\board.rs:264
   3: chess_engine::move_generator::gen_legal_moves::{{closure}}
             at .\src\move_generator.rs:578
   4: core::iter::adapters::filter::filter_try_fold::{{closure}}<chess_engine::move_generator::Move,alloc::vec::in_place_drop::InPlaceDrop<chess_engine::move_generator::Move>,core::result::Res
ult<alloc::vec::in_place_drop::InPlaceDrop<chess_engine::move_generat
             at C:\Users\15732\.rustup\toolchains\stable-x86_64-pc-windows-msvc\lib\rustlib\src\rust\library\core\src\iter\adapters\filter.rs:43
   5: core::iter::traits::iterator::Iterator::try_fold<alloc::vec::into_iter::IntoIter<chess_engine::move_generator::Move, alloc::alloc::Global>,alloc::vec::in_place_drop::InPlaceDrop<chess_en
gine::move_generator::Move>,closure-0,core::result::Result<alloc::vec
             at C:\Users\15732\.rustup\toolchains\stable-x86_64-pc-windows-msvc\lib\rustlib\src\rust\library\core\src\iter\traits\iterator.rs:1983
   6: core::iter::adapters::filter::{{impl}}::try_fold<alloc::vec::into_iter::IntoIter<chess_engine::move_generator::Move, alloc::alloc::Global>,closure-0,alloc::vec::in_place_drop::InPlaceDro
p<chess_engine::move_generator::Move>,closure-0,core::result::Result<
             at C:\Users\15732\.rustup\toolchains\stable-x86_64-pc-windows-msvc\lib\rustlib\src\rust\library\core\src\iter\adapters\filter.rs:92
   7: alloc::vec::source_iter_marker::{{impl}}::from_iter<chess_engine::move_generator::Move,core::iter::adapters::filter::Filter<alloc::vec::into_iter::IntoIter<chess_engine::move_generator::
Move, alloc::alloc::Global>, closure-0>>
             at C:\Users\15732\.rustup\toolchains\stable-x86_64-pc-windows-msvc\lib\rustlib\src\rust\library\alloc\src\vec\source_iter_marker.rs:60
   8: alloc::vec::{{impl}}::from_iter<chess_engine::move_generator::Move,core::iter::adapters::filter::Filter<alloc::vec::into_iter::IntoIter<chess_engine::move_generator::Move, alloc::alloc::
Global>, closure-0>>
             at C:\Users\15732\.rustup\toolchains\stable-x86_64-pc-windows-msvc\lib\rustlib\src\rust\library\alloc\src\vec\mod.rs:2196
   9: core::iter::traits::iterator::Iterator::collect<core::iter::adapters::filter::Filter<alloc::vec::into_iter::IntoIter<chess_engine::move_generator::Move, alloc::alloc::Global>, closure-0>
,alloc::vec::Vec<chess_engine::move_generator::Move, alloc::alloc::Gl
             at C:\Users\15732\.rustup\toolchains\stable-x86_64-pc-windows-msvc\lib\rustlib\src\rust\library\core\src\iter\traits\iterator.rs:1765
  10: chess_engine::move_generator::gen_legal_moves
             at .\src\move_generator.rs:575
  11: chess_engine::AI::evaluator::evaluate
             at .\src\AI\evaluator.rs:304
  12: chess_engine::AI::AI::alpha_beta
             at .\src\AI.rs:94
  13: chess_engine::AI::AI::alpha_beta
             at .\src\AI.rs:117
  14: chess_engine::AI::AI::alpha_beta
             at .\src\AI.rs:117
  15: chess_engine::AI::AI::alpha_beta
             at .\src\AI.rs:117
  16: chess_engine::AI::AI::alpha_beta
             at .\src\AI.rs:117
  17: chess_engine::AI::AI::search
             at .\src\AI.rs:251
  18: chess_engine::AI::AI::make_move
             at .\src\AI.rs:273
  19: chess_engine::game::Game::run_human_versus_ai
             at .\src\game.rs:128
  20: chess_engine::main
             at .\src\main.rs:57
  21: core::ops::function::FnOnce::call_once<fn(),tuple<>>
             at C:\Users\15732\.rustup\toolchains\stable-x86_64-pc-windows-msvc\lib\rustlib\src\rust\library\core\src\ops\function.rs:227
note: Some details are omitted, run with `RUST_BACKTRACE=full` for a verbose backtrace.
error: process didn't exit successfully: `target\debug\chess_engine.exe` (exit code: 101)
